
2024-11-17T10:26:29.035439+0300 INFO GET: []
2024-11-17T10:26:56.690455+0300 INFO POST: [{'id': 1, 'username': 'UrbanUser', 'age': 24}]
2024-11-17T10:27:11.186193+0300 INFO POST: [{'id': 1, 'username': 'UrbanUser', 'age': 24}, {'id': 2, 'username': 'UrbanTest', 'age': 36}]
2024-11-17T10:27:29.454638+0300 INFO POST: [{'id': 1, 'username': 'UrbanUser', 'age': 24}, {'id': 2, 'username': 'UrbanTest', 'age': 36}, {'id': 3, 'username': 'Admin', 'age': 48}]
2024-11-17T10:27:58.984383+0300 INFO PUT: [{'id': 1, 'username': 'UrbanProfi', 'age': 28}, {'id': 2, 'username': 'UrbanTest', 'age': 36}, {'id': 3, 'username': 'Admin', 'age': 48}]
2024-11-17T10:28:14.218158+0300 ERROR PUT: 10 is not in list
2024-11-17T10:28:34.218919+0300 INFO DELETE: [{'id': 2, 'username': 'UrbanTest', 'age': 36}, {'id': 3, 'username': 'Admin', 'age': 48}]
2024-11-17T10:28:45.403205+0300 ERROR DELETE: 10 is not in list
2024-11-17T20:57:32.807163+0300 INFO GET: []
2024-11-17T20:58:08.415266+0300 INFO POST: [{'id': 1, 'username': 'UrbanUser', 'age': 24}]
2024-11-17T20:58:21.791314+0300 INFO POST: [{'id': 1, 'username': 'UrbanUser', 'age': 24}, {'id': 2, 'username': 'UrbanTest', 'age': 36}]
2024-11-17T20:58:40.773816+0300 INFO POST: [{'id': 1, 'username': 'UrbanUser', 'age': 24}, {'id': 2, 'username': 'UrbanTest', 'age': 36}, {'id': 3, 'username': 'Admin', 'age': 48}]
2024-11-17T20:58:48.204109+0300 INFO GET: [{'id': 1, 'username': 'UrbanUser', 'age': 24}, {'id': 2, 'username': 'UrbanTest', 'age': 36}, {'id': 3, 'username': 'Admin', 'age': 48}]
2024-11-17T21:00:14.128759+0300 INFO PUT: [{'id': 1, 'username': 'UrbanProfi', 'age': 28}, {'id': 2, 'username': 'UrbanTest', 'age': 36}, {'id': 3, 'username': 'Admin', 'age': 48}]
2024-11-17T21:00:21.428086+0300 INFO GET: [{'id': 1, 'username': 'UrbanProfi', 'age': 28}, {'id': 2, 'username': 'UrbanTest', 'age': 36}, {'id': 3, 'username': 'Admin', 'age': 48}]
2024-11-17T21:00:48.885848+0300 ERROR PUT: 10 is not in list
2024-11-17T21:01:21.924162+0300 INFO DELETE: [{'id': 2, 'username': 'UrbanTest', 'age': 36}, {'id': 3, 'username': 'Admin', 'age': 48}]
2024-11-17T21:01:46.020071+0300 INFO GET: [{'id': 2, 'username': 'UrbanTest', 'age': 36}, {'id': 3, 'username': 'Admin', 'age': 48}]
2024-11-17T21:02:06.324999+0300 ERROR DELETE: 10 is not in list
2024-11-17T21:17:07.909996+0300 INFO POST: [{'id': 1, 'username': 'Admin', 'age': 48}]
2024-11-17T21:17:27.818040+0300 INFO POST: [{'id': 1, 'username': 'Admin', 'age': 48}, {'id': 2, 'username': 'UrbanUser', 'age': 24}]
2024-11-17T21:17:38.649682+0300 INFO POST: [{'id': 1, 'username': 'Admin', 'age': 48}, {'id': 2, 'username': 'UrbanUser', 'age': 24}, {'id': 3, 'username': 'UrbanTest', 'age': 36}]
2024-11-17T21:17:51.131903+0300 INFO POST: [{'id': 1, 'username': 'Admin', 'age': 48}, {'id': 2, 'username': 'UrbanUser', 'age': 24}, {'id': 3, 'username': 'UrbanTest', 'age': 36}, {'id': 4, 'username': 'UrbanProfi', 'age': 28}]
2024-11-17T21:18:53.634461+0300 INFO GET: [{'id': 1, 'username': 'Admin', 'age': 48}, {'id': 2, 'username': 'UrbanUser', 'age': 24}, {'id': 3, 'username': 'UrbanTest', 'age': 36}, {'id': 4, 'username': 'UrbanProfi', 'age': 28}]
2024-11-17T21:43:32.240152+0300 INFO GET: []
2024-11-17T21:43:58.161778+0300 INFO POST: [{'id': 1, 'username': 'string1', 'age': 10}]
2024-11-17T21:44:09.461506+0300 INFO POST: [{'id': 1, 'username': 'string1', 'age': 10}, {'id': 2, 'username': 'string2', 'age': 20}]
2024-11-17T21:44:16.079378+0300 INFO GET: [{'id': 1, 'username': 'string1', 'age': 10}, {'id': 2, 'username': 'string2', 'age': 20}]
2024-11-17T21:50:25.785352+0300 INFO GET: []
2024-11-17T21:50:34.268296+0300 INFO POST: [{'id': 1, 'username': 'string2', 'age': 20}]
2024-11-17T21:50:45.096151+0300 INFO POST: [{'id': 1, 'username': 'string2', 'age': 20}, {'id': 2, 'username': 'string1', 'age': 10}]
2024-11-17T21:50:52.496195+0300 INFO GET: [{'id': 1, 'username': 'string2', 'age': 20}, {'id': 2, 'username': 'string1', 'age': 10}]
2024-11-17T21:59:19.088241+0300 INFO GET: []
2024-11-17T21:59:21.381443+0300 INFO GET: []
2024-11-18T09:32:05.547571+0300 INFO GET: []
2024-11-18T19:37:47.451677+0300 INFO GET: []
2024-11-18T19:45:50.047498+0300 INFO GET: []
2024-11-18T19:47:51.227396+0300 INFO GET: []
2024-11-18T19:50:50.131527+0300 INFO GET: []
2024-11-18T19:51:45.059795+0300 INFO GET: []
2024-11-18T19:53:02.180644+0300 INFO GET: []
2024-11-18T19:53:02.962827+0300 INFO GET: []
2024-11-18T19:53:03.729751+0300 INFO GET: []
2024-11-18T19:53:04.528302+0300 INFO GET: []
2024-11-18T19:53:24.844867+0300 INFO GET: []
2024-11-18T19:53:25.546232+0300 INFO GET: []
2024-11-18T19:53:27.711704+0300 INFO GET: []
2024-11-18T19:53:28.394981+0300 INFO GET: []
2024-11-18T19:54:18.594785+0300 INFO GET: []
2024-11-18T19:54:19.596842+0300 INFO GET: []
2024-11-18T19:54:20.545471+0300 INFO GET: []
2024-11-23T22:42:03.282300+0300 INFO GET: []
2024-11-23T22:42:36.929770+0300 INFO GET: []
2024-11-23T22:47:03.812408+0300 INFO GET: []
