2024-11-24T17:13:15.837070+0300 INFO GET: []
2024-11-24T17:18:29.231173+0300 INFO POST: [{'id': 1, 'username': 'UrbanUser', 'age': 24}]
2024-11-24T17:18:44.748648+0300 INFO POST: [{'id': 1, 'username': 'UrbanUser', 'age': 24}, {'id': 2, 'username': 'UrbanTest', 'age': 22}]
2024-11-24T17:19:12.114971+0300 INFO POST: [{'id': 1, 'username': 'UrbanUser', 'age': 24}, {'id': 2, 'username': 'UrbanTest', 'age': 22}, {'id': 3, 'username': 'Copybara', 'age': 60}]
2024-11-24T17:19:34.308433+0300 INFO GET: [{'id': 1, 'username': 'UrbanUser', 'age': 24}, {'id': 2, 'username': 'UrbanTest', 'age': 22}, {'id': 3, 'username': 'Copybara', 'age': 60}]
2024-11-24T17:19:47.309799+0300 INFO GET: {'id': 2, 'username': 'UrbanTest', 'age': 22}
2024-11-24T17:19:57.159841+0300 INFO GET: {'id': 3, 'username': 'Copybara', 'age': 60}
2024-11-24T17:22:23.225383+0300 INFO GET: []
2024-11-24T17:23:36.768264+0300 INFO POST: [{'id': 1, 'username': 'UrbanUser', 'age': 24}]
2024-11-24T17:23:52.784897+0300 INFO POST: [{'id': 1, 'username': 'UrbanUser', 'age': 24}, {'id': 2, 'username': 'UrbanTest', 'age': 22}]
2024-11-24T17:24:09.417185+0300 INFO POST: [{'id': 1, 'username': 'UrbanUser', 'age': 24}, {'id': 2, 'username': 'UrbanTest', 'age': 22}, {'id': 3, 'username': 'Capybara', 'age': 60}]
2024-11-24T17:24:16.824587+0300 INFO GET: [{'id': 1, 'username': 'UrbanUser', 'age': 24}, {'id': 2, 'username': 'UrbanTest', 'age': 22}, {'id': 3, 'username': 'Capybara', 'age': 60}]
2024-11-24T17:24:33.510154+0300 INFO GET: {'id': 3, 'username': 'Capybara', 'age': 60}
2024-11-24T17:24:38.649003+0300 INFO GET: {'id': 1, 'username': 'UrbanUser', 'age': 24}
2024-11-24T17:24:41.779279+0300 INFO GET: {'id': 2, 'username': 'UrbanTest', 'age': 22}
2024-11-24T17:24:44.378069+0300 INFO GET: {'id': 3, 'username': 'Capybara', 'age': 60}
2024-11-24T17:27:22.942930+0300 INFO GET: {'id': 1, 'username': 'UrbanUser', 'age': 24}
2024-11-24T17:28:09.398536+0300 INFO GET: {'id': 2, 'username': 'UrbanTest', 'age': 22}
2024-11-24T17:28:54.715470+0300 INFO GET: {'id': 3, 'username': 'Capybara', 'age': 60}
2024-11-24T17:29:39.861216+0300 INFO GET: [{'id': 1, 'username': 'UrbanUser', 'age': 24}, {'id': 2, 'username': 'UrbanTest', 'age': 22}, {'id': 3, 'username': 'Capybara', 'age': 60}]
